--- Khởi tạo file log ---[2025-08-21 05:25:35] [INFO] Đang gửi email đến: hoangan2912.npha@gmail.com {"otp":"072407"}
[2025-08-21 05:25:43] [INFO] Gửi email thành công đến: hoangan2912.npha@gmail.com
[2025-08-21 05:35:25] [INFO] Đang gửi email đến: hoangan2912.npha@gmail.com {"otp":"095204","purpose":"reset_password"}
[2025-08-21 05:35:31] [INFO] Gửi email thành công đến: hoangan2912.npha@gmail.com
[2025-08-21 07:07:28] [INFO] Đang gửi email đến: hoangan2711.npha@gmail.com {"otp":"720532","purpose":"register"}
[2025-08-21 07:07:33] [INFO] Gửi email thành công đến: hoangan2711.npha@gmail.com
[2025-08-21 07:08:52] [INFO] Đang gửi email đến: hoangan2711.npha@gmail.com {"otp":"638931","purpose":"register"}
[2025-08-21 07:08:57] [INFO] Gửi email thành công đến: hoangan2711.npha@gmail.com
[2025-08-21 07:22:25] [INFO] Đang gửi email đến: hoangan2711.npha@gmail.com {"otp":"252980","purpose":"register"}
[2025-08-21 07:22:32] [INFO] Gửi email thành công đến: hoangan2711.npha@gmail.com
[2025-08-21 07:33:10] [INFO] Đang gửi email đến: hoangan2711.npha@gmail.com {"otp":"248225","purpose":"register"}
[2025-08-21 07:33:15] [INFO] Gửi email thành công đến: hoangan2711.npha@gmail.com
[2025-08-21 07:35:24] [INFO] Đang gửi email đến: hoangan2711.npha@gmail.com {"otp":"652035","purpose":"register"}
[2025-08-21 07:35:29] [INFO] Gửi email thành công đến: hoangan2711.npha@gmail.com
[2025-08-21 07:37:04] [INFO] Đang gửi email đến: hoangan2711.npha@gmail.com {"otp":"282715","purpose":"register"}
[2025-08-21 07:37:10] [INFO] Gửi email thành công đến: hoangan2711.npha@gmail.com
[2025-08-21 07:42:47] [INFO] Đang gửi email đến: hoangan2711.npha@gmail.com {"otp":"884572","purpose":"register"}
[2025-08-21 07:42:52] [INFO] Gửi email thành công đến: hoangan2711.npha@gmail.com
[2025-08-21 07:50:44] [INFO] Đang gửi email đến: hoangan2711.npha@gmail.com {"otp":"921340","purpose":"register"}
[2025-08-21 07:50:50] [INFO] Gửi email thành công đến: hoangan2711.npha@gmail.com
[2025-08-21 07:52:39] [INFO] Đang gửi email đến: hoangan2711.npha@gmail.com {"otp":"303501","purpose":"register"}
[2025-08-21 07:52:44] [INFO] Gửi email thành công đến: hoangan2711.npha@gmail.com
[2025-08-21 07:54:29] [INFO] Đang gửi email đến: hoangan2711.npha@gmail.com {"otp":"162605","purpose":"register"}
[2025-08-21 07:54:34] [INFO] Gửi email thành công đến: hoangan2711.npha@gmail.com
[2025-08-21 07:55:57] [INFO] Đang gửi email đến: hoangan2711.npha@gmail.com {"otp":"968832","purpose":"register"}
[2025-08-21 07:56:03] [INFO] Gửi email thành công đến: hoangan2711.npha@gmail.com
[2025-08-21 07:57:39] [INFO] Đang gửi email đến: hoangan2711.npha@gmail.com {"otp":"773865","purpose":"register"}
[2025-08-21 07:57:45] [INFO] Gửi email thành công đến: hoangan2711.npha@gmail.com
[2025-08-21 07:59:10] [INFO] Đang gửi email đến: hoangan2711.npha@gmail.com {"otp":"712996","purpose":"register"}
[2025-08-21 07:59:15] [INFO] Gửi email thành công đến: hoangan2711.npha@gmail.com
[2025-08-21 08:00:10] [INFO] Đang gửi email đến: hoangan2711.npha@gmail.com {"otp":"214573","purpose":"register"}
[2025-08-21 08:00:16] [INFO] Gửi email thành công đến: hoangan2711.npha@gmail.com
[2025-08-21 08:04:10] [INFO] Đang gửi email đến: hoangan2711.npha@gmail.com {"otp":"173446","purpose":"register"}
[2025-08-21 08:04:16] [INFO] Gửi email thành công đến: hoangan2711.npha@gmail.com
[2025-08-21 08:06:18] [INFO] Đang gửi email đến: hoangan2711.npha@gmail.com {"otp":"781209","purpose":"register"}
[2025-08-21 08:06:23] [INFO] Gửi email thành công đến: hoangan2711.npha@gmail.com
[2025-08-21 08:07:55] [INFO] Đang gửi email đến: hoangan2711.npha@gmail.com {"otp":"906320","purpose":"register"}
[2025-08-21 08:08:01] [INFO] Gửi email thành công đến: hoangan2711.npha@gmail.com
[2025-08-21 08:16:22] [INFO] Đang gửi email đến: hoangan2711.npha@gmail.com {"otp":"829845","purpose":"register"}
[2025-08-21 08:16:28] [INFO] Gửi email thành công đến: hoangan2711.npha@gmail.com
[2025-08-29 03:57:40] [INFO] Đang gửi email đến: hoangan2711.npha@gmail.com {"otp":"734766","purpose":"register"}
[2025-08-29 03:57:46] [INFO] Gửi email thành công đến: hoangan2711.npha@gmail.com
[2025-08-29 04:14:00] [INFO] Đang gửi email đến: hoangan2711.npha@gmail.com {"otp":"223461","purpose":"register"}
[2025-08-29 04:14:06] [INFO] Gửi email thành công đến: hoangan2711.npha@gmail.com
[2025-09-04 09:59:45] [INFO] Đang gửi email đến: hoangan2711.npha@gmail.com {"otp":"913705","purpose":"register"}
[2025-09-04 09:59:49] [INFO] Gửi email thành công đến: hoangan2711.npha@gmail.com
[2025-09-04 17:53:51] [INFO] Đang gửi email đến: hoangan2711.npha@gmail.com {"otp":"567389","purpose":"register"}
[2025-09-04 17:53:58] [INFO] Gửi email thành công đến: hoangan2711.npha@gmail.com
[2025-09-04 19:47:21] [INFO] Đang gửi email đến: thaole2215@gmail.com {"otp":"927237","purpose":"register"}
[2025-09-04 19:47:27] [INFO] Gửi email thành công đến: thaole2215@gmail.com
[2025-09-04 22:58:18] [INFO] Đang gửi email đến: hoangan2711.npha@gmail.com {"otp":"950674","purpose":"register"}
[2025-09-04 22:58:23] [INFO] Gửi email thành công đến: hoangan2711.npha@gmail.com
[2025-09-04 23:05:32] [INFO] Đang gửi email đến: hoangan2711.npha@gmail.com {"otp":"752349","purpose":"register"}
[2025-09-04 23:05:37] [INFO] Gửi email thành công đến: hoangan2711.npha@gmail.com
[2025-09-05 08:16:24] [INFO] Đang gửi email đến: hoangan2912.npha@gmail.com {"otp":"076373","purpose":"register"}
[2025-09-05 08:16:28] [INFO] Gửi email thành công đến: hoangan2912.npha@gmail.com
[2025-11-22 12:57:18] [INFO] Đang gửi email đến: hoangan2912.npha@gmail.com {"otp":"931540","purpose":"register"}
[2025-11-22 12:57:23] [INFO] Gửi email thành công đến: hoangan2912.npha@gmail.com
[2025-11-27 00:57:25] [INFO] Đang gửi email đến: vivako5896@feralrex.com {"otp":"029972","purpose":"register"}
[2025-11-27 00:57:31] [INFO] Gửi email thành công đến: vivako5896@feralrex.com
[2025-12-03 00:38:45] [INFO] Đang gửi email đến: tyan2711.npha@gmail.com {"otp":"914973","purpose":"register"}
[2025-12-03 00:38:51] [INFO] Gửi email thành công đến: tyan2711.npha@gmail.com
[2025-12-03 01:28:06] [INFO] Đang gửi email đến: hoangantiktok.2912@gmail.com {"otp":"323041","purpose":"register"}
[2025-12-03 01:28:11] [INFO] Gửi email thành công đến: hoangantiktok.2912@gmail.com
[2025-12-03 02:52:15] [INFO] Đang gửi email đến: tyan2711.npha@gmail.com {"otp":"256342","purpose":"register"}
[2025-12-03 02:52:20] [INFO] Gửi email thành công đến: tyan2711.npha@gmail.com
[2025-12-03 02:55:58] [INFO] Đang gửi email đến: tyan2711.npha@gmail.com {"otp":"548129","purpose":"register"}
[2025-12-03 02:56:03] [INFO] Gửi email thành công đến: tyan2711.npha@gmail.com
[2025-12-03 02:58:31] [INFO] Đang gửi email đến: tyan2711.npha@gmail.com {"otp":"848505","purpose":"register"}
[2025-12-03 02:58:36] [INFO] Gửi email thành công đến: tyan2711.npha@gmail.com
[2025-12-03 02:58:45] [INFO] Đang gửi email đến: tyan2711.npha@gmail.com {"otp":"641159","purpose":"register"}
[2025-12-03 02:58:50] [INFO] Gửi email thành công đến: tyan2711.npha@gmail.com
[2025-12-03 03:01:00] [INFO] Đang gửi email đến: tyan2711.npha@gmail.com {"otp":"359520","purpose":"register"}
[2025-12-03 03:01:06] [INFO] Gửi email thành công đến: tyan2711.npha@gmail.com
[2025-12-03 03:03:00] [INFO] Đang gửi email đến: tyan2711.npha@gmail.com {"otp":"294076","purpose":"register"}
[2025-12-03 03:03:05] [INFO] Gửi email thành công đến: tyan2711.npha@gmail.com
[2025-12-03 03:05:50] [INFO] Đang gửi email đến: tyan2711.npha@gmail.com {"otp":"732987","purpose":"register"}
[2025-12-03 03:05:55] [INFO] Gửi email thành công đến: tyan2711.npha@gmail.com
